
2014-05-13 14:45:15...installerHook: Could not find custom/install/install_hooks.php
2014-05-13 14:45:26...installerHook: Could not find custom/install/install_hooks.php
2014-05-13 14:45:36...installerHook: Could not find custom/install/install_hooks.php
2014-05-13 14:45:42...Begin System Check Process *************
2014-05-13 14:45:42...XML Parsing Support Found
2014-05-13 14:45:42...MBString Support Found
2014-05-13 14:45:42...ZIP Support Found
2014-05-13 14:45:42.../custom directory and subdirectory check passed
2014-05-13 14:45:42...cache directory and subdirectory check passed
2014-05-13 14:45:42.../module  directory and subdirectory check passed
2014-05-13 14:45:42.../upload directory check passed
2014-05-13 14:45:42.../zip check passed
2014-05-13 14:45:42...PCRE version check passed
2014-05-13 14:45:42...installerHook: Could not find custom/install/install_hooks.php
2014-05-13 14:45:42...php.ini location found. /etc/php5/apache2/php.ini
2014-05-13 14:45:42...Outputting HTML for System check
2014-05-13 14:45:42...No Errors were found *************
2014-05-13 14:45:44...installerHook: Could not find custom/install/install_hooks.php
2014-05-13 14:46:06...installerHook: Could not find custom/install/install_hooks.php
2014-05-13 14:46:09...installerHook: Could not find custom/install/install_hooks.php
2014-05-13 14:46:59...Begin DB Check Process *************
2014-05-13 14:46:59...testing with mysql:mysqli
2014-05-13 14:46:59...Basic form info is valid, continuing Process.
2014-05-13 14:46:59...Testing user account...
2014-05-13 14:46:59...Connection made using  host: localhost, usr: root
2014-05-13 14:46:59...Testing priviliged account...
2014-05-13 14:46:59...Connection made using  host: localhost, usr: root
2014-05-13 14:46:59...DB not selected, will create selkirkcrm
2014-05-13 14:46:59...Passed DB install check
2014-05-13 14:46:59...SUCCESS:: no errors detected!
2014-05-13 14:46:59...End DB Check Process *************
2014-05-13 14:46:59...installerHook: Could not find custom/install/install_hooks.php
2014-05-13 14:47:51...installerHook: Could not find custom/install/install_hooks.php
2014-05-13 14:47:58...installerHook: Could not find custom/install/install_hooks.php
2014-05-13 14:47:58...calling handleSugarConfig()
2014-05-13 14:47:58...calling handleLog4Php()
2014-05-13 14:47:58...calling handleHtaccess()
2014-05-13 14:47:58...calling handleDbCreateDatabase()
2014-05-13 14:47:58...looping through all the Beans and create their tables
2014-05-13 14:47:58...processing table acl_actions
2014-05-13 14:47:58...creating table acl_actions
2014-05-13 14:47:58...creating Relationship Meta for ACLAction
2014-05-13 14:47:58...processing table acl_roles
2014-05-13 14:47:58...creating table acl_roles
2014-05-13 14:47:58...creating Relationship Meta for ACLRole
2014-05-13 14:47:58...processing table relationships
2014-05-13 14:47:58...creating table relationships
2014-05-13 14:47:58...creating Relationship Meta for Relationship
2014-05-13 14:47:58...processing table leads
2014-05-13 14:47:58...creating table leads
2014-05-13 14:47:58...creating Relationship Meta for Lead
2014-05-13 14:47:58...processing table cases
2014-05-13 14:47:58...creating table cases
2014-05-13 14:47:58...creating Relationship Meta for Case
2014-05-13 14:47:58...processing table bugs
2014-05-13 14:47:58...creating table bugs
2014-05-13 14:47:58...creating Relationship Meta for Bug
2014-05-13 14:47:58...processing table users
2014-05-13 14:47:59...creating table users
2014-05-13 14:47:59...creating Relationship Meta for User
2014-05-13 14:47:59...processing table campaign_log
2014-05-13 14:47:59...creating table campaign_log
2014-05-13 14:47:59...creating Relationship Meta for CampaignLog
2014-05-13 14:47:59...processing table project
2014-05-13 14:47:59...creating table project
2014-05-13 14:47:59...creating Relationship Meta for Project
2014-05-13 14:47:59...processing table project_task
2014-05-13 14:47:59...creating table project_task
2014-05-13 14:47:59...creating Relationship Meta for ProjectTask
2014-05-13 14:47:59...processing table campaigns
2014-05-13 14:47:59...creating table campaigns
2014-05-13 14:47:59...creating Relationship Meta for Campaign
2014-05-13 14:47:59...processing table prospect_lists
2014-05-13 14:47:59...creating table prospect_lists
2014-05-13 14:47:59...creating Relationship Meta for ProspectList
2014-05-13 14:47:59...processing table prospects
2014-05-13 14:47:59...creating table prospects
2014-05-13 14:47:59...creating Relationship Meta for Prospect
2014-05-13 14:47:59...processing table email_marketing
2014-05-13 14:47:59...creating table email_marketing
2014-05-13 14:47:59...creating Relationship Meta for EmailMarketing
2014-05-13 14:47:59...processing table campaign_trkrs
2014-05-13 14:47:59...creating table campaign_trkrs
2014-05-13 14:47:59...creating Relationship Meta for CampaignTracker
2014-05-13 14:47:59...processing table releases
2014-05-13 14:47:59...creating table releases
2014-05-13 14:47:59...creating Relationship Meta for Release
2014-05-13 14:47:59...processing table emailman
2014-05-13 14:47:59...creating table emailman
2014-05-13 14:47:59...creating Relationship Meta for EmailMan
2014-05-13 14:47:59...processing table schedulers
2014-05-13 14:47:59...creating table schedulers
2014-05-13 14:47:59...creating Relationship Meta for Scheduler
2014-05-13 14:47:59...processing table job_queue
2014-05-13 14:47:59...creating table job_queue
2014-05-13 14:47:59...creating Relationship Meta for SchedulersJob
2014-05-13 14:47:59...processing table contacts
2014-05-13 14:47:59...creating table contacts
2014-05-13 14:47:59...creating Relationship Meta for Contact
2014-05-13 14:47:59...processing table accounts
2014-05-13 14:47:59...creating table accounts
2014-05-13 14:47:59...creating Relationship Meta for Account
2014-05-13 14:47:59...processing table opportunities
2014-05-13 14:47:59...creating table opportunities
2014-05-13 14:47:59...creating Relationship Meta for Opportunity
2014-05-13 14:47:59...processing table email_templates
2014-05-13 14:47:59...creating table email_templates
2014-05-13 14:47:59...creating Relationship Meta for EmailTemplate
2014-05-13 14:47:59...processing table notes
2014-05-13 14:47:59...creating table notes
2014-05-13 14:47:59...creating Relationship Meta for Note
2014-05-13 14:47:59...processing table calls
2014-05-13 14:47:59...creating table calls
2014-05-13 14:47:59...creating Relationship Meta for Call
2014-05-13 14:47:59...processing table emails
2014-05-13 14:47:59...creating table emails
2014-05-13 14:47:59...creating Relationship Meta for Email
2014-05-13 14:47:59...processing table meetings
2014-05-13 14:47:59...creating table meetings
2014-05-13 14:47:59...creating Relationship Meta for Meeting
2014-05-13 14:47:59...processing table tasks
2014-05-13 14:47:59...creating table tasks
2014-05-13 14:47:59...creating Relationship Meta for Task
2014-05-13 14:47:59...processing table users
2014-05-13 14:47:59...processing table users
2014-05-13 14:47:59...processing table currencies
2014-05-13 14:47:59...creating table currencies
2014-05-13 14:47:59...creating Relationship Meta for Currency
2014-05-13 14:47:59...processing table tracker
2014-05-13 14:47:59...creating table tracker
2014-05-13 14:47:59...creating Relationship Meta for Tracker
2014-05-13 14:47:59...processing table import_maps
2014-05-13 14:47:59...creating table import_maps
2014-05-13 14:47:59...creating Relationship Meta for ImportMap
2014-05-13 14:47:59...processing table users_last_import
2014-05-13 14:47:59...creating table users_last_import
2014-05-13 14:47:59...creating Relationship Meta for UsersLastImport
2014-05-13 14:47:59...processing table config
2014-05-13 14:47:59...creating table config
2014-05-13 14:47:59...creating Relationship Meta for Administration
2014-05-13 14:47:59...processing table upgrade_history
2014-05-13 14:47:59...creating table upgrade_history
2014-05-13 14:47:59...creating Relationship Meta for UpgradeHistory
2014-05-13 14:47:59...processing table vcals
2014-05-13 14:47:59...creating table vcals
2014-05-13 14:47:59...creating Relationship Meta for vCal
2014-05-13 14:47:59...processing table versions
2014-05-13 14:47:59...creating table versions
2014-05-13 14:47:59...creating Relationship Meta for Version
2014-05-13 14:47:59...processing table roles
2014-05-13 14:47:59...creating table roles
2014-05-13 14:47:59...creating Relationship Meta for Role
2014-05-13 14:47:59...processing table documents
2014-05-13 14:48:00...creating table documents
2014-05-13 14:48:00...creating Relationship Meta for Document
2014-05-13 14:48:00...processing table document_revisions
2014-05-13 14:48:00...creating table document_revisions
2014-05-13 14:48:00...creating Relationship Meta for DocumentRevision
2014-05-13 14:48:00...processing table fields_meta_data
2014-05-13 14:48:00...creating table fields_meta_data
2014-05-13 14:48:00...creating Relationship Meta for FieldsMetaData
2014-05-13 14:48:00...processing table inbound_email
2014-05-13 14:48:00...creating table inbound_email
2014-05-13 14:48:00...creating Relationship Meta for InboundEmail
2014-05-13 14:48:00...processing table saved_search
2014-05-13 14:48:00...creating table saved_search
2014-05-13 14:48:00...creating Relationship Meta for SavedSearch
2014-05-13 14:48:00...processing table user_preferences
2014-05-13 14:48:00...creating table user_preferences
2014-05-13 14:48:00...creating Relationship Meta for UserPreference
2014-05-13 14:48:00...processing table 
2014-05-13 14:48:00...processing table email_addresses
2014-05-13 14:48:00...creating table email_addresses
2014-05-13 14:48:00...creating Relationship Meta for EmailAddress
2014-05-13 14:48:00...processing table emails_text
2014-05-13 14:48:00...creating table emails_text
2014-05-13 14:48:00...creating Relationship Meta for EmailText
2014-05-13 14:48:00...processing table sugarfeed
2014-05-13 14:48:00...creating table sugarfeed
2014-05-13 14:48:00...creating Relationship Meta for SugarFeed
2014-05-13 14:48:00...processing table eapm
2014-05-13 14:48:00...creating table eapm
2014-05-13 14:48:00...creating Relationship Meta for EAPM
2014-05-13 14:48:00...processing table oauth_consumer
2014-05-13 14:48:00...creating table oauth_consumer
2014-05-13 14:48:00...creating Relationship Meta for OAuthKey
2014-05-13 14:48:00...processing table oauth_tokens
2014-05-13 14:48:00...creating table oauth_tokens
2014-05-13 14:48:00...creating Relationship Meta for OAuthToken
2014-05-13 14:48:00...processing table fp_events
2014-05-13 14:48:00...creating table fp_events
2014-05-13 14:48:00...creating Relationship Meta for FP_events
2014-05-13 14:48:00...processing table fp_event_locations
2014-05-13 14:48:00...creating table fp_event_locations
2014-05-13 14:48:00...creating Relationship Meta for FP_Event_Locations
2014-05-13 14:48:00...processing table aod_indexevent
2014-05-13 14:48:00...creating table aod_indexevent
2014-05-13 14:48:00...creating Relationship Meta for AOD_IndexEvent
2014-05-13 14:48:00...processing table aod_index
2014-05-13 14:48:00...creating table aod_index
2014-05-13 14:48:00...creating Relationship Meta for AOD_Index
2014-05-13 14:48:00...processing table aop_case_events
2014-05-13 14:48:00...creating table aop_case_events
2014-05-13 14:48:00...creating Relationship Meta for AOP_Case_Events
2014-05-13 14:48:00...processing table aop_case_updates
2014-05-13 14:48:00...creating table aop_case_updates
2014-05-13 14:48:00...creating Relationship Meta for AOP_Case_Updates
2014-05-13 14:48:00...processing table aor_reports
2014-05-13 14:48:00...creating table aor_reports
2014-05-13 14:48:00...creating Relationship Meta for AOR_Report
2014-05-13 14:48:00...processing table aor_fields
2014-05-13 14:48:00...creating table aor_fields
2014-05-13 14:48:00...creating Relationship Meta for AOR_Field
2014-05-13 14:48:00...processing table aor_charts
2014-05-13 14:48:00...creating table aor_charts
2014-05-13 14:48:00...creating Relationship Meta for AOR_Chart
2014-05-13 14:48:00...processing table aor_conditions
2014-05-13 14:48:00...creating table aor_conditions
2014-05-13 14:48:00...creating Relationship Meta for AOR_Condition
2014-05-13 14:48:00...processing table aos_contracts
2014-05-13 14:48:00...creating table aos_contracts
2014-05-13 14:48:00...creating Relationship Meta for AOS_Contracts
2014-05-13 14:48:00...processing table aos_invoices
2014-05-13 14:48:00...creating table aos_invoices
2014-05-13 14:48:00...creating Relationship Meta for AOS_Invoices
2014-05-13 14:48:00...processing table aos_pdf_templates
2014-05-13 14:48:00...creating table aos_pdf_templates
2014-05-13 14:48:00...creating Relationship Meta for AOS_PDF_Templates
2014-05-13 14:48:00...processing table aos_product_categories
2014-05-13 14:48:00...creating table aos_product_categories
2014-05-13 14:48:00...creating Relationship Meta for AOS_Product_Categories
2014-05-13 14:48:00...processing table aos_products
2014-05-13 14:48:00...creating table aos_products
2014-05-13 14:48:00...creating Relationship Meta for AOS_Products
2014-05-13 14:48:00...processing table aos_products_quotes
2014-05-13 14:48:00...creating table aos_products_quotes
2014-05-13 14:48:00...creating Relationship Meta for AOS_Products_Quotes
2014-05-13 14:48:00...processing table aos_line_item_groups
2014-05-13 14:48:00...creating table aos_line_item_groups
2014-05-13 14:48:00...creating Relationship Meta for AOS_Line_Item_Groups
2014-05-13 14:48:00...processing table aos_quotes
2014-05-13 14:48:00...creating table aos_quotes
2014-05-13 14:48:00...creating Relationship Meta for AOS_Quotes
2014-05-13 14:48:00...processing table aow_actions
2014-05-13 14:48:00...creating table aow_actions
2014-05-13 14:48:00...creating Relationship Meta for AOW_Action
2014-05-13 14:48:00...processing table aow_workflow
2014-05-13 14:48:00...creating table aow_workflow
2014-05-13 14:48:00...creating Relationship Meta for AOW_WorkFlow
2014-05-13 14:48:00...processing table aow_processed
2014-05-13 14:48:00...creating table aow_processed
2014-05-13 14:48:00...creating Relationship Meta for AOW_Processed
2014-05-13 14:48:00...processing table aow_conditions
2014-05-13 14:48:00...creating table aow_conditions
2014-05-13 14:48:00...creating Relationship Meta for AOW_Condition
2014-05-13 14:48:00...processing table jjwg_maps
2014-05-13 14:48:00...creating table jjwg_maps
2014-05-13 14:48:00...creating Relationship Meta for jjwg_Maps
2014-05-13 14:48:01...processing table jjwg_markers
2014-05-13 14:48:01...creating table jjwg_markers
2014-05-13 14:48:01...creating Relationship Meta for jjwg_Markers
2014-05-13 14:48:01...processing table jjwg_areas
2014-05-13 14:48:01...creating table jjwg_areas
2014-05-13 14:48:01...creating Relationship Meta for jjwg_Areas
2014-05-13 14:48:01...processing table jjwg_address_cache
2014-05-13 14:48:01...creating table jjwg_address_cache
2014-05-13 14:48:01...creating Relationship Meta for jjwg_Address_Cache
2014-05-13 14:48:01...processing table calls_reschedule
2014-05-13 14:48:01...creating table calls_reschedule
2014-05-13 14:48:01...creating Relationship Meta for Calls_Reschedule
2014-05-13 14:48:01...processing table securitygroups
2014-05-13 14:48:01...creating table securitygroups
2014-05-13 14:48:01...creating Relationship Meta for SecurityGroup
2014-05-13 14:48:01...Begin creating Defaults
2014-05-13 14:48:01...insert defaults into config table
2014-05-13 14:48:01...Creating default users
2014-05-13 14:48:01...Creating default scheduler jobs
2014-05-13 14:48:01...Enable SugarFeeds
2014-05-13 14:48:01...Creating FTS logic hook
2014-05-13 14:48:01...populating the db with seed data
2014-05-13 14:48:01...Installation has completed *********
2014-05-13 14:48:08...installerHook: Could not find custom/install/install_hooks.php